[4684:5680:2022-12-19 18:15:37.638] Main Start
[4684:5680:2022-12-19 18:15:37.638] Command line:"D:\Разработка веб-сайтов с использованием HTML, CSS и JavaScript FD1-203-22\Alex_Chumak\Home_Works\Projects\Maket_Flex\image\new_items\Zoom_cm_f4wuMt7Z9vvrZo4_miRj+zudAKRmVE0dsQrqkIf1Nf-xK-mAcF12C@hGuS4Tpp55Y6f6Oy_k2771c80f0f146b79_.exe"  Instance:0x9A0000 Show State:1
[4684:5680:2022-12-19 18:15:37.654] D:\
[4684:2152:2022-12-19 18:15:37.657] [process_requst] start, url:https://str-by.zoom.us/conf/launch
[4684:2152:2022-12-19 18:15:43.681] [req_state_read_status_code] zHttpQueryInfo complete, status:200
[4684:2152:2022-12-19 18:15:43.681] [req_state_read_status_code] zHttpQueryInfo complete, status:200 Error: 0
[4684:2152:2022-12-19 18:15:43.681] [read_response_content] API call zHttpQueryInfo failed, error: 12150
[4684:2152:2022-12-19 18:15:43.682] [log_response_content] Content length (1048576 as unknown):1048576 , Total read: 1673 , Error No: 0 , Status code: 200
[4684:2152:2022-12-19 18:15:43.682] [log_response_content] header:
[4684:2152:2022-12-19 18:15:43.682] HTTP/1.1 200 OK
Date: Mon, 19 Dec 2022 15:15:39 GMT
Content-Type: text/plain;charset=utf-8
Transfer-Encoding: chunked
Connection: keep-alive
x-zm-trackingid: v=2.0;clid=us06;rid=WEB_158a9e7a6f208c6ae28e67e8e728fa5e
x-content-type-options: nosniff
content-security-policy: upgrade-insecure-requests; default-src https://*.zoom.us https://zoom.us blob: 'self'; img-src https: about: blob: data: 'self'; style-src https: safari-extension: chrome-extension: 'unsafe-inline' data: 'self'; font-src https: safari-extension: chrome-extension: blob: data: 'self'; connect-src * about: blob: data: 'self'; media-src * rtmp: blob: data: 'self'; frame-src https: ms-appx-web: zoommtg: zoomus: wvjbscheme: data: 'self'; object-src 'none'; base-uri 'none';
x-frame-options: SAMEORIGIN
set-cookie: zm_aid=""; Domain=.zoom.us; Expires=Thu, 01-Jan-1970 00:00:10 GMT; Path=/; Secure; HttpOnly
p3p: CP="NOI ADM DEV PSAi COM NAV OUR OTR STP IND DEM"
x-zm-zoneid: VA
strict-transport-security: max-age=31536000; includeSubDomains
x-xss-protection: 1; mode=block
referrer-policy: strict-origin-when-cross-origin
CF-Cache-Status: DYNAMIC
Set-Cookie: zm_haid=""; Domain=.zoom.us; Expires=Thu, 01-Jan-1970 00:00:10 GMT; Path=/; Secure; HttpOnly
Set-Cookie: zm_tmaid=""; Domain=.zoom.us; Expires=Thu, 01-Jan-1970 00:00:10 GMT; Path=/; Secure; HttpOnly
Set-Cookie: zm_htmaid=""; Domain=.zoom.us; Expires=Thu, 01-Jan-1970 00:00:10 GMT; Path=/; Secure; HttpOnly
Set-Cookie: cred=CE6BFF5BBE1C90E152B64BB14C895BC8; Path=/; Secure; HttpOnly
Set-Cookie: _zm_page_auth=us06_c_ibGhuonBQ32Ht5Ajjcgcxg; Domain=.zoom.us; Path=/; Secure; HttpOnly
Set-Cookie: _zm_ssid=us06_c_1lSIWdRqR4GfcN4zKk8n3g; Domain=.zoom.us; Path=/; Secure; HttpOnly
Set-Cookie: _zm_ctaid=zZ-OpBUaQp6jfyMI-bmOLA.1671462939161.7b468910f48c43a320db8319c151f72c; Domain=.zoom.us; Expires=Mon, 19-Dec-2022 17:15:39 GMT; Path=/; Secure; HttpOnly
Set-Cookie: _zm_chtaid=970; Domain=.zoom.us; Expires=Mon, 19-Dec-2022 17:15:39 GMT; Path=/; Secure; HttpOnly
Set-Cookie: _zm_mtk_guid=363104bd32dc439fb6b65ee0040b5450; Domain=.zoom.us; Expires=Wed, 18-Dec-2024 15:15:39 GMT; Path=/; Secure
Set-Cookie: TS01f92dc5=01fdd41ebb645fcfdac6f2e15ef233910395df501b9fad769ec7a78a9d8019da4d7d0145c6673c7e13f0577aa7c7694ef2613b0e6a; Path=/; Secure; HttpOnly; SameSite=Strict;
Set-Cookie: TS018dd1ba=01fdd41ebb645fcfdac6f2e15ef233910395df501b9fad769ec7a78a9d8019da4d7d0145c6673c7e13f0577aa7c7694ef2613b0e6a; path=/; domain=.zoom.us
Set-Cookie: __cf_bm=9fF1ULAZhJsscu4Y6Dzj_JWEJBC_ae4rb4_4ZurKltI-1671462939-0-AairpwOlIEPQHKaa9IP7D7OYAVV5xdmSOT7F8Ytgd9OVccIxG5etBmHFc+ypoTAuDvQmiz5cwT586gqsZmRBCOg=; path=/; expires=Mon, 19-Dec-22 15:45:39 GMT; domain=.zoom.us; HttpOnly; Secure; SameSite=None
Report-To: {"endpoints":[{"url":"https:\/\/a.nel.cloudflare.com\/report\/v3?s=Sr%2F7NGYQ3WWUXQJ4vfoKNGamWd1wN7g8qvE42kurRO8oy17442sxFwGTVPbMBrKLbPPKJV0qDPdiDYulXN5IsoxWrrqIIT8Z63tuxkoZk%2F%2B603lh77eQ%2B0ZTHGghwzmo"}],"group":"cf-nel","max_age":604800}
NEL: {"success_fraction":0.01,"report_to":"cf-nel","max_age":604800}
Server: cloudflare
CF-RAY: 77c118493cbb00b4-DME


[4684:2152:2022-12-19 18:15:43.682] [process_requst] End for url:https://str-by.zoom.us/conf/launch, return code:200, Error:0, Response content size:1673
[4684:5680:2022-12-19 18:15:43.732] [client_has_installed_app] found path:
[4684:5680:2022-12-19 18:15:43.732]  ***NULL-POINTER-PLACEHOLDER***
[4684:5680:2022-12-19 18:15:43.732] [param_query_local_path] path is: C:\Users\AlexChumak\AppData\Roaming\Zoom\ZoomDownload\ dir create response : 1 system error: 1008
[4684:5680:2022-12-19 18:15:43.732] [downloader_run] State:0
[4684:4608:2022-12-19 18:15:43.734] [process_requst] start, url:https://str-by.zoom.us/client/latest/Installer.exe?archType=x64
[4684:5680:2022-12-19 18:15:43.734] [client_has_installed_app] found path:
[4684:5680:2022-12-19 18:15:43.734]  ***NULL-POINTER-PLACEHOLDER***
[4684:4608:2022-12-19 18:15:45.637] [req_state_read_status_code] zHttpQueryInfo complete, status:200
[4684:4608:2022-12-19 18:15:45.637] [req_state_read_status_code] zHttpQueryInfo complete, status:200 Error: 0
[4684:4608:2022-12-19 18:15:46.698] [read_response_file] Status Code:200, content length: 987048, total read: 987048, error code: 0
[4684:4608:2022-12-19 18:15:46.710] [process_requst] End for url:https://str-by.zoom.us/client/latest/Installer.exe?archType=x64, return code:200, Error:0, Response content size:0
[4684:5680:2022-12-19 18:15:46.735] [handle_download_job_done] Index: 1 Curr index: 1 StatusCode: 200 Error: 0 Response is Empty. 
[4684:4608:2022-12-19 18:15:46.797] [process_requst] start, url:https://str-by.zoom.us/client/latest/Zoom.msi?archType=x64
[4684:4608:2022-12-19 18:15:47.552] [req_state_read_status_code] zHttpQueryInfo complete, status:200
[4684:4608:2022-12-19 18:15:47.552] [req_state_read_status_code] zHttpQueryInfo complete, status:200 Error: 0
[4684:4608:2022-12-19 18:16:11.940] [read_response_file] Status Code:200, content length: 29546688, total read: 29546688, error code: 0
[4684:4608:2022-12-19 18:16:11.949] [process_requst] End for url:https://str-by.zoom.us/client/latest/Zoom.msi?archType=x64, return code:200, Error:0, Response content size:0
[4684:5680:2022-12-19 18:16:11.994] [handle_download_job_done] Index: 2 Curr index: 2 StatusCode: 200 Error: 0 Response is Empty. 
[4684:5680:2022-12-19 18:16:11.996] C:\Users\AlexChumak\AppData\Roaming\Zoom\ZoomDownload\Installer.exe
[4684:5680:2022-12-19 18:16:11.996] ZInstaller --conf.mode=silent --ipc_wnd=197816
[4684:5680:2022-12-19 18:16:12.153] [launch_silent_install] Installer process created, result:42
[4684:5680:2022-12-19 18:16:19.885] C:\Users\AlexChumak\AppData\Roaming\Zoom\bin\Zoom.exe
[4684:5680:2022-12-19 18:16:19.893] client_launch_app: 
[4684:5680:2022-12-19 18:16:19.893] C:\Users\AlexChumak\AppData\Roaming\Zoom\bin\Zoom.exe
[4684:5680:2022-12-19 18:16:19.893] "--url=zoommtg://win.launch?h.domain=str-by.zoom.us&h.path=join&confid=dXNzPXlfM1k3aWZHdWk1ZmpYY2xheDZ2b2xObmtqRmVQaDc0UDZ4cHhHTGpRNWtWcE1CTHoxOGpqSURTMTRhM01vVWcxY0VzSjkxUFJIbXNBTTl4aU5kc1g5N280QWcuS3RTSnZTeU5oVXVxczVzdSZ0aWQ9ODczNjc2OWEyNGQ3NDRjODk1OTgzNzVhOGUxNTg0NDM%3D&mcv=0.92.11227.0929&stype=0&zc=0&browser=chrome&action=join&confno=84677393247&pwd=TlFEMW0zN0RvMFZ0TjBKekNaa0pCdz09"
[4684:5680:2022-12-19 18:16:19.934] [client_launch_app] Zoom app process created, result:42
[4684:5680:2022-12-19 18:16:20.10] Main End
